<?xml version="1.0" encoding="UTF-8"?>
<testng-results skipped="0" failed="1" ignored="3" total="9" passed="5">
  <reporter-output>
  </reporter-output>
  <suite name="TestngSuite" duration-ms="34699" started-at="2020-12-23T23:32:49 IST" finished-at="2020-12-23T23:33:24 IST">
    <groups>
    </groups>
    <test name="Testngbasics" duration-ms="34699" started-at="2020-12-23T23:32:49 IST" finished-at="2020-12-23T23:33:24 IST">
      <class name="testng_basics.Testng_basics">
        <test-method status="PASS" signature="environmentVerify()[pri:0, instance:testng_basics.Testng_basics@3d74bf60]" name="environmentVerify" is-config="true" duration-ms="10" started-at="2020-12-23T23:32:49 IST" finished-at="2020-12-23T23:32:49 IST">
          <reporter-output>
          </reporter-output>
        </test-method> <!-- environmentVerify -->
        <test-method status="PASS" signature="dbConnection()[pri:0, instance:testng_basics.Testng_basics@3d74bf60]" name="dbConnection" is-config="true" duration-ms="1" started-at="2020-12-23T23:32:49 IST" finished-at="2020-12-23T23:32:49 IST">
          <reporter-output>
          </reporter-output>
        </test-method> <!-- dbConnection -->
        <test-method status="FAIL" signature="testInizalise(java.lang.String)[pri:0, instance:testng_basics.Testng_basics@3d74bf60]" name="testInizalise" duration-ms="0" started-at="2020-12-23T23:32:50 IST" finished-at="2020-12-23T23:32:50 IST">
          <exception class="org.testng.TestNGException">
            <message>
              <![CDATA[
Cannot inject @Test annotated Method [testInizalise] with [class java.lang.String].
For more information on native dependency injection please refer to https://testng.org/doc/documentation-main.html#native-dependency-injection]]>
            </message>
            <full-stacktrace>
              <![CDATA[org.testng.TestNGException: 
Cannot inject @Test annotated Method [testInizalise] with [class java.lang.String].
For more information on native dependency injection please refer to https://testng.org/doc/documentation-main.html#native-dependency-injection
at org.testng.internal.Parameters.checkParameterTypes(Parameters.java:437)
at org.testng.internal.Parameters.createParametersForMethod(Parameters.java:351)
at org.testng.internal.Parameters.createParameters(Parameters.java:708)
at org.testng.internal.Parameters.handleParameters(Parameters.java:875)
at org.testng.internal.Parameters.handleParameters(Parameters.java:740)
at org.testng.internal.ParameterHandler.handleParameters(ParameterHandler.java:59)
at org.testng.internal.ParameterHandler.createParameters(ParameterHandler.java:38)
at org.testng.internal.TestInvoker$MethodInvocationAgent.invoke(TestInvoker.java:789)
at org.testng.internal.TestInvoker.invokeTestMethods(TestInvoker.java:147)
at org.testng.internal.TestMethodWorker.invokeTestMethods(TestMethodWorker.java:146)
at org.testng.internal.TestMethodWorker.run(TestMethodWorker.java:128)
at java.util.concurrent.ThreadPoolExecutor.runWorker(ThreadPoolExecutor.java:1149)
at java.util.concurrent.ThreadPoolExecutor$Worker.run(ThreadPoolExecutor.java:624)
at java.lang.Thread.run(Thread.java:748)
]]>
            </full-stacktrace>
          </exception> <!-- org.testng.TestNGException -->
          <reporter-output>
          </reporter-output>
        </test-method> <!-- testInizalise -->
        <test-method status="PASS" signature="browserLaunch(java.lang.String, java.lang.String)[pri:0, instance:testng_basics.Testng_basics@3d74bf60]" name="browserLaunch" is-config="true" duration-ms="17720" started-at="2020-12-23T23:32:50 IST" finished-at="2020-12-23T23:33:07 IST">
          <params>
            <param index="0">
              <value>
                <![CDATA[chrome]]>
              </value>
            </param>
            <param index="1">
              <value>
                <![CDATA[http://demo.guru99.com/test/newtours/]]>
              </value>
            </param>
          </params>
          <reporter-output>
          </reporter-output>
        </test-method> <!-- browserLaunch -->
        <test-method status="PASS" signature="verifyLogin(java.lang.String, java.lang.String)[pri:2, instance:testng_basics.Testng_basics@3d74bf60]" name="verifyLogin" duration-ms="1836" started-at="2020-12-23T23:33:07 IST" data-provider="userCredentials" finished-at="2020-12-23T23:33:09 IST">
          <params>
            <param index="0">
              <value>
                <![CDATA[Ajin]]>
              </value>
            </param>
            <param index="1">
              <value>
                <![CDATA[123456]]>
              </value>
            </param>
          </params>
          <reporter-output>
          </reporter-output>
        </test-method> <!-- verifyLogin -->
        <test-method status="PASS" signature="browserClose(org.testng.ITestResult)[pri:0, instance:testng_basics.Testng_basics@3d74bf60]" name="browserClose" is-config="true" duration-ms="305" started-at="2020-12-23T23:33:09 IST" finished-at="2020-12-23T23:33:09 IST">
          <params>
            <param index="0">
              <value>
                <![CDATA[[TestResult name=verifyLogin status=SUCCESS method=Testng_basics.verifyLogin(java.lang.String, java.lang.String)[pri:2, instance:testng_basics.Testng_basics@3d74bf60] output={null}]]]>
              </value>
            </param>
          </params>
          <reporter-output>
          </reporter-output>
        </test-method> <!-- browserClose -->
        <test-method status="PASS" signature="browserLaunch(java.lang.String, java.lang.String)[pri:0, instance:testng_basics.Testng_basics@3d74bf60]" name="browserLaunch" is-config="true" duration-ms="12507" started-at="2020-12-23T23:33:09 IST" finished-at="2020-12-23T23:33:22 IST">
          <params>
            <param index="0">
              <value>
                <![CDATA[chrome]]>
              </value>
            </param>
            <param index="1">
              <value>
                <![CDATA[http://demo.guru99.com/test/newtours/]]>
              </value>
            </param>
          </params>
          <reporter-output>
          </reporter-output>
        </test-method> <!-- browserLaunch -->
        <test-method status="PASS" signature="verifyLogin(java.lang.String, java.lang.String)[pri:2, instance:testng_basics.Testng_basics@3d74bf60]" name="verifyLogin" duration-ms="2037" started-at="2020-12-23T23:33:22 IST" data-provider="userCredentials" finished-at="2020-12-23T23:33:24 IST">
          <params>
            <param index="0">
              <value>
                <![CDATA[asd]]>
              </value>
            </param>
            <param index="1">
              <value>
                <![CDATA[cds]]>
              </value>
            </param>
          </params>
          <reporter-output>
          </reporter-output>
        </test-method> <!-- verifyLogin -->
        <test-method status="PASS" signature="browserClose(org.testng.ITestResult)[pri:0, instance:testng_basics.Testng_basics@3d74bf60]" name="browserClose" is-config="true" duration-ms="118" started-at="2020-12-23T23:33:24 IST" finished-at="2020-12-23T23:33:24 IST">
          <params>
            <param index="0">
              <value>
                <![CDATA[[TestResult name=verifyLogin status=SUCCESS method=Testng_basics.verifyLogin(java.lang.String, java.lang.String)[pri:2, instance:testng_basics.Testng_basics@3d74bf60] output={null}]]]>
              </value>
            </param>
          </params>
          <reporter-output>
          </reporter-output>
        </test-method> <!-- browserClose -->
        <test-method status="PASS" signature="dBClose()[pri:0, instance:testng_basics.Testng_basics@3d74bf60]" name="dBClose" is-config="true" duration-ms="0" started-at="2020-12-23T23:33:24 IST" finished-at="2020-12-23T23:33:24 IST">
          <reporter-output>
          </reporter-output>
        </test-method> <!-- dBClose -->
        <test-method status="PASS" signature="environmentClose()[pri:0, instance:testng_basics.Testng_basics@3d74bf60]" name="environmentClose" is-config="true" duration-ms="0" started-at="2020-12-23T23:33:24 IST" finished-at="2020-12-23T23:33:24 IST">
          <reporter-output>
          </reporter-output>
        </test-method> <!-- environmentClose -->
      </class> <!-- testng_basics.Testng_basics -->
      <class name="testng_basics.Test_ng_basics2">
        <test-method status="PASS" signature="sampleTest1()[pri:0, instance:testng_basics.Test_ng_basics2@4f209819]" name="sampleTest1" duration-ms="7" started-at="2020-12-23T23:32:50 IST" finished-at="2020-12-23T23:32:50 IST">
          <reporter-output>
          </reporter-output>
        </test-method> <!-- sampleTest1 -->
        <test-method status="PASS" signature="sampleTest2()[pri:0, instance:testng_basics.Test_ng_basics2@4f209819]" name="sampleTest2" duration-ms="3" started-at="2020-12-23T23:32:50 IST" finished-at="2020-12-23T23:32:50 IST">
          <reporter-output>
          </reporter-output>
        </test-method> <!-- sampleTest2 -->
        <test-method status="PASS" signature="sampleTest3()[pri:0, instance:testng_basics.Test_ng_basics2@4f209819]" name="sampleTest3" duration-ms="3" started-at="2020-12-23T23:32:50 IST" finished-at="2020-12-23T23:32:50 IST">
          <reporter-output>
          </reporter-output>
        </test-method> <!-- sampleTest3 -->
      </class> <!-- testng_basics.Test_ng_basics2 -->
    </test> <!-- Testngbasics -->
  </suite> <!-- TestngSuite -->
</testng-results>
