<?xml version="1.0" encoding="UTF-8"?>
<!-- Generated by org.testng.reporters.JUnitXMLReporter -->
<testsuite hostname="DESKTOP-LEQJLJ7" ignored="3" name="Testngbasics" tests="6" failures="1" timestamp="2020-12-23T23:33:24 IST" time="34.699" errors="0">
  <testcase name="sampleTest1" time="0.007" classname="testng_basics.Test_ng_basics2"/>
  <testcase name="sampleTest2" time="0.003" classname="testng_basics.Test_ng_basics2"/>
  <testcase name="sampleTest3" time="0.003" classname="testng_basics.Test_ng_basics2"/>
  <testcase name="testInizalise" time="0.0" classname="testng_basics.Testng_basics">
    <failure type="org.testng.TestNGException" message="
Cannot inject @Test annotated Method [testInizalise] with [class java.lang.String].
For more information on native dependency injection please refer to https://testng.org/doc/documentation-main.html#native-dependency-injection">
      <![CDATA[org.testng.TestNGException: 
Cannot inject @Test annotated Method [testInizalise] with [class java.lang.String].
For more information on native dependency injection please refer to https://testng.org/doc/documentation-main.html#native-dependency-injection
at java.util.concurrent.ThreadPoolExecutor.runWorker(ThreadPoolExecutor.java:1149)
at java.util.concurrent.ThreadPoolExecutor$Worker.run(ThreadPoolExecutor.java:624)
at java.lang.Thread.run(Thread.java:748)
... Removed 11 stack frames]]>
    </failure>
  </testcase> <!-- testInizalise -->
  <testcase name="verifyLogin" time="1.836" classname="testng_basics.Testng_basics"/>
  <testcase name="verifyLogin" time="2.037" classname="testng_basics.Testng_basics"/>
  <testcase name="verifyTitle" time="0.0" classname="testng_basics.Testng_basics">
    <ignored/>
  </testcase> <!-- verifyTitle -->
  <testcase name="verifyRegister" time="0.0" classname="testng_basics.Testng_basics">
    <ignored/>
  </testcase> <!-- verifyRegister -->
  <testcase name="verifyContact" time="0.0" classname="testng_basics.Testng_basics">
    <ignored/>
  </testcase> <!-- verifyContact -->
</testsuite> <!-- Testngbasics -->
